  Task1.cpp
C:\Users\HP\OneDrive\Documents\Work\Internships\Codveda\Codveda_Simple_File_System\CC212SGL.h(25,19): warning C4091: '__declspec(dllimport)': ignored on left of 'COLORS' when no variable is declared
  (compiling source file 'Task1.cpp')
  
C:\Users\HP\OneDrive\Documents\Work\Internships\Codveda\Codveda_Simple_File_System\Task1.cpp(182,17): warning C4996: 'itoa': The POSIX name for this item is deprecated. Instead, use the ISO C and C++ conformant name: _itoa. See online help for details.
C:\Users\HP\OneDrive\Documents\Work\Internships\Codveda\Codveda_Simple_File_System\Task1.cpp(184,17): warning C4996: 'strcpy': This function or variable may be unsafe. Consider using strcpy_s instead. To disable deprecation, use _CRT_SECURE_NO_WARNINGS. See online help for details.
C:\Users\HP\OneDrive\Documents\Work\Internships\Codveda\Codveda_Simple_File_System\Task1.cpp(185,17): warning C4996: 'strcat': This function or variable may be unsafe. Consider using strcat_s instead. To disable deprecation, use _CRT_SECURE_NO_WARNINGS. See online help for details.
C:\Users\HP\OneDrive\Documents\Work\Internships\Codveda\Codveda_Simple_File_System\Task1.cpp(186,17): warning C4996: 'strcat': This function or variable may be unsafe. Consider using strcat_s instead. To disable deprecation, use _CRT_SECURE_NO_WARNINGS. See online help for details.
C:\Users\HP\OneDrive\Documents\Work\Internships\Codveda\Codveda_Simple_File_System\Task1.cpp(194,13): warning C4996: 'strcpy': This function or variable may be unsafe. Consider using strcpy_s instead. To disable deprecation, use _CRT_SECURE_NO_WARNINGS. See online help for details.
C:\Users\HP\OneDrive\Documents\Work\Internships\Codveda\Codveda_Simple_File_System\Task1.cpp(195,13): warning C4996: 'strcat': This function or variable may be unsafe. Consider using strcat_s instead. To disable deprecation, use _CRT_SECURE_NO_WARNINGS. See online help for details.
C:\Users\HP\OneDrive\Documents\Work\Internships\Codveda\Codveda_Simple_File_System\Task1.cpp(209,101): warning C4244: 'argument': conversion from '__int64' to 'int', possible loss of data
C:\Users\HP\OneDrive\Documents\Work\Internships\Codveda\Codveda_Simple_File_System\Task1.cpp(209,62): warning C4244: 'argument': conversion from '__int64' to 'int', possible loss of data
C:\Users\HP\OneDrive\Documents\Work\Internships\Codveda\Codveda_Simple_File_System\Task1.cpp(213,47): warning C4244: 'argument': conversion from 'double' to 'int', possible loss of data
C:\Users\HP\OneDrive\Documents\Work\Internships\Codveda\Codveda_Simple_File_System\Task1.cpp(224,101): warning C4244: 'argument': conversion from '__int64' to 'int', possible loss of data
C:\Users\HP\OneDrive\Documents\Work\Internships\Codveda\Codveda_Simple_File_System\Task1.cpp(224,62): warning C4244: 'argument': conversion from '__int64' to 'int', possible loss of data
C:\Users\HP\OneDrive\Documents\Work\Internships\Codveda\Codveda_Simple_File_System\Task1.cpp(228,47): warning C4244: 'argument': conversion from 'double' to 'int', possible loss of data
C:\Users\HP\OneDrive\Documents\Work\Internships\Codveda\Codveda_Simple_File_System\Task1.cpp(237,110): warning C4244: 'argument': conversion from '__int64' to 'int', possible loss of data
C:\Users\HP\OneDrive\Documents\Work\Internships\Codveda\Codveda_Simple_File_System\Task1.cpp(237,71): warning C4244: 'argument': conversion from '__int64' to 'int', possible loss of data
C:\Users\HP\OneDrive\Documents\Work\Internships\Codveda\Codveda_Simple_File_System\Task1.cpp(245,110): warning C4244: 'argument': conversion from '__int64' to 'int', possible loss of data
C:\Users\HP\OneDrive\Documents\Work\Internships\Codveda\Codveda_Simple_File_System\Task1.cpp(245,71): warning C4244: 'argument': conversion from '__int64' to 'int', possible loss of data
C:\Users\HP\OneDrive\Documents\Work\Internships\Codveda\Codveda_Simple_File_System\Task1.cpp(251,97): warning C4244: 'argument': conversion from '__int64' to 'int', possible loss of data
C:\Users\HP\OneDrive\Documents\Work\Internships\Codveda\Codveda_Simple_File_System\Task1.cpp(251,58): warning C4244: 'argument': conversion from '__int64' to 'int', possible loss of data
C:\Users\HP\OneDrive\Documents\Work\Internships\Codveda\Codveda_Simple_File_System\Task1.cpp(276,76): warning C4244: 'argument': conversion from '__int64' to 'int', possible loss of data
C:\Users\HP\OneDrive\Documents\Work\Internships\Codveda\Codveda_Simple_File_System\Task1.cpp(276,48): warning C4244: 'argument': conversion from '__int64' to 'int', possible loss of data
C:\Users\HP\OneDrive\Documents\Work\Internships\Codveda\Codveda_Simple_File_System\Task1.cpp(279,66): warning C4244: 'argument': conversion from '__int64' to 'int', possible loss of data
C:\Users\HP\OneDrive\Documents\Work\Internships\Codveda\Codveda_Simple_File_System\Task1.cpp(279,46): warning C4244: 'argument': conversion from '__int64' to 'int', possible loss of data
C:\Users\HP\OneDrive\Documents\Work\Internships\Codveda\Codveda_Simple_File_System\Task1.cpp(281,66): warning C4244: 'argument': conversion from '__int64' to 'int', possible loss of data
C:\Users\HP\OneDrive\Documents\Work\Internships\Codveda\Codveda_Simple_File_System\Task1.cpp(281,46): warning C4244: 'argument': conversion from '__int64' to 'int', possible loss of data
C:\Users\HP\OneDrive\Documents\Work\Internships\Codveda\Codveda_Simple_File_System\Task1.cpp(324,39): warning C4244: 'argument': conversion from 'double' to 'int', possible loss of data
C:\Users\HP\OneDrive\Documents\Work\Internships\Codveda\Codveda_Simple_File_System\Task1.cpp(394,59): warning C4244: 'argument': conversion from '__int64' to 'int', possible loss of data
C:\Users\HP\OneDrive\Documents\Work\Internships\Codveda\Codveda_Simple_File_System\Task1.cpp(394,37): warning C4244: 'argument': conversion from '__int64' to 'int', possible loss of data
C:\Users\HP\OneDrive\Documents\Work\Internships\Codveda\Codveda_Simple_File_System\Task1.cpp(398,60): warning C4244: 'argument': conversion from '__int64' to 'int', possible loss of data
C:\Users\HP\OneDrive\Documents\Work\Internships\Codveda\Codveda_Simple_File_System\Task1.cpp(398,37): warning C4244: 'argument': conversion from '__int64' to 'int', possible loss of data
C:\Users\HP\OneDrive\Documents\Work\Internships\Codveda\Codveda_Simple_File_System\Task1.cpp(402,60): warning C4244: 'argument': conversion from '__int64' to 'int', possible loss of data
C:\Users\HP\OneDrive\Documents\Work\Internships\Codveda\Codveda_Simple_File_System\Task1.cpp(402,37): warning C4244: 'argument': conversion from '__int64' to 'int', possible loss of data
C:\Users\HP\OneDrive\Documents\Work\Internships\Codveda\Codveda_Simple_File_System\Task1.cpp(406,59): warning C4244: 'argument': conversion from '__int64' to 'int', possible loss of data
C:\Users\HP\OneDrive\Documents\Work\Internships\Codveda\Codveda_Simple_File_System\Task1.cpp(406,37): warning C4244: 'argument': conversion from '__int64' to 'int', possible loss of data
C:\Users\HP\OneDrive\Documents\Work\Internships\Codveda\Codveda_Simple_File_System\Task1.cpp(412,61): warning C4244: 'argument': conversion from '__int64' to 'int', possible loss of data
C:\Users\HP\OneDrive\Documents\Work\Internships\Codveda\Codveda_Simple_File_System\Task1.cpp(412,37): warning C4244: 'argument': conversion from '__int64' to 'int', possible loss of data
C:\Users\HP\OneDrive\Documents\Work\Internships\Codveda\Codveda_Simple_File_System\Task1.cpp(415,39): warning C4244: 'argument': conversion from 'double' to 'int', possible loss of data
C:\Users\HP\OneDrive\Documents\Work\Internships\Codveda\Codveda_Simple_File_System\Task1.cpp(438,64): warning C4244: 'argument': conversion from '__int64' to 'int', possible loss of data
C:\Users\HP\OneDrive\Documents\Work\Internships\Codveda\Codveda_Simple_File_System\Task1.cpp(438,41): warning C4244: 'argument': conversion from '__int64' to 'int', possible loss of data
C:\Users\HP\OneDrive\Documents\Work\Internships\Codveda\Codveda_Simple_File_System\Task1.cpp(440,64): warning C4244: 'argument': conversion from '__int64' to 'int', possible loss of data
C:\Users\HP\OneDrive\Documents\Work\Internships\Codveda\Codveda_Simple_File_System\Task1.cpp(440,41): warning C4244: 'argument': conversion from '__int64' to 'int', possible loss of data
C:\Users\HP\OneDrive\Documents\Work\Internships\Codveda\Codveda_Simple_File_System\Task1.cpp(443,74): warning C4244: 'argument': conversion from '__int64' to 'int', possible loss of data
C:\Users\HP\OneDrive\Documents\Work\Internships\Codveda\Codveda_Simple_File_System\Task1.cpp(443,51): warning C4244: 'argument': conversion from '__int64' to 'int', possible loss of data
C:\Users\HP\OneDrive\Documents\Work\Internships\Codveda\Codveda_Simple_File_System\Task1.cpp(445,74): warning C4244: 'argument': conversion from '__int64' to 'int', possible loss of data
C:\Users\HP\OneDrive\Documents\Work\Internships\Codveda\Codveda_Simple_File_System\Task1.cpp(445,51): warning C4244: 'argument': conversion from '__int64' to 'int', possible loss of data
C:\Users\HP\OneDrive\Documents\Work\Internships\Codveda\Codveda_Simple_File_System\Task1.cpp(447,74): warning C4244: 'argument': conversion from '__int64' to 'int', possible loss of data
C:\Users\HP\OneDrive\Documents\Work\Internships\Codveda\Codveda_Simple_File_System\Task1.cpp(447,51): warning C4244: 'argument': conversion from '__int64' to 'int', possible loss of data
C:\Users\HP\OneDrive\Documents\Work\Internships\Codveda\Codveda_Simple_File_System\Task1.cpp(450,64): warning C4244: 'argument': conversion from '__int64' to 'int', possible loss of data
C:\Users\HP\OneDrive\Documents\Work\Internships\Codveda\Codveda_Simple_File_System\Task1.cpp(450,41): warning C4244: 'argument': conversion from '__int64' to 'int', possible loss of data
C:\Users\HP\OneDrive\Documents\Work\Internships\Codveda\Codveda_Simple_File_System\Task1.cpp(453,71): warning C4244: 'argument': conversion from '__int64' to 'int', possible loss of data
C:\Users\HP\OneDrive\Documents\Work\Internships\Codveda\Codveda_Simple_File_System\Task1.cpp(453,48): warning C4244: 'argument': conversion from '__int64' to 'int', possible loss of data
C:\Users\HP\OneDrive\Documents\Work\Internships\Codveda\Codveda_Simple_File_System\Task1.cpp(454,70): warning C4244: 'argument': conversion from '__int64' to 'int', possible loss of data
C:\Users\HP\OneDrive\Documents\Work\Internships\Codveda\Codveda_Simple_File_System\Task1.cpp(454,48): warning C4244: 'argument': conversion from '__int64' to 'int', possible loss of data
C:\Users\HP\OneDrive\Documents\Work\Internships\Codveda\Codveda_Simple_File_System\Task1.cpp(455,74): warning C4244: 'argument': conversion from '__int64' to 'int', possible loss of data
C:\Users\HP\OneDrive\Documents\Work\Internships\Codveda\Codveda_Simple_File_System\Task1.cpp(455,51): warning C4244: 'argument': conversion from '__int64' to 'int', possible loss of data
C:\Users\HP\OneDrive\Documents\Work\Internships\Codveda\Codveda_Simple_File_System\Task1.cpp(458,64): warning C4244: 'argument': conversion from '__int64' to 'int', possible loss of data
C:\Users\HP\OneDrive\Documents\Work\Internships\Codveda\Codveda_Simple_File_System\Task1.cpp(458,41): warning C4244: 'argument': conversion from '__int64' to 'int', possible loss of data
C:\Users\HP\OneDrive\Documents\Work\Internships\Codveda\Codveda_Simple_File_System\Task1.cpp(517,60): warning C4244: 'argument': conversion from '__int64' to 'int', possible loss of data
C:\Users\HP\OneDrive\Documents\Work\Internships\Codveda\Codveda_Simple_File_System\Task1.cpp(517,37): warning C4244: 'argument': conversion from '__int64' to 'int', possible loss of data
C:\Users\HP\OneDrive\Documents\Work\Internships\Codveda\Codveda_Simple_File_System\Task1.cpp(518,60): warning C4244: 'argument': conversion from '__int64' to 'int', possible loss of data
C:\Users\HP\OneDrive\Documents\Work\Internships\Codveda\Codveda_Simple_File_System\Task1.cpp(518,37): warning C4244: 'argument': conversion from '__int64' to 'int', possible loss of data
C:\Users\HP\OneDrive\Documents\Work\Internships\Codveda\Codveda_Simple_File_System\Task1.cpp(520,39): warning C4244: 'argument': conversion from 'double' to 'int', possible loss of data
C:\Users\HP\OneDrive\Documents\Work\Internships\Codveda\Codveda_Simple_File_System\Task1.cpp(560,33): warning C4244: 'argument': conversion from 'double' to 'int', possible loss of data
C:\Users\HP\OneDrive\Documents\Work\Internships\Codveda\Codveda_Simple_File_System\Task1.cpp(575,56): warning C4244: 'argument': conversion from '__int64' to 'int', possible loss of data
C:\Users\HP\OneDrive\Documents\Work\Internships\Codveda\Codveda_Simple_File_System\Task1.cpp(575,33): warning C4244: 'argument': conversion from '__int64' to 'int', possible loss of data
C:\Users\HP\OneDrive\Documents\Work\Internships\Codveda\Codveda_Simple_File_System\Task1.cpp(590,68): warning C4244: 'argument': conversion from '__int64' to 'int', possible loss of data
C:\Users\HP\OneDrive\Documents\Work\Internships\Codveda\Codveda_Simple_File_System\Task1.cpp(590,45): warning C4244: 'argument': conversion from '__int64' to 'int', possible loss of data
C:\Users\HP\OneDrive\Documents\Work\Internships\Codveda\Codveda_Simple_File_System\Task1.cpp(592,68): warning C4244: 'argument': conversion from '__int64' to 'int', possible loss of data
C:\Users\HP\OneDrive\Documents\Work\Internships\Codveda\Codveda_Simple_File_System\Task1.cpp(592,45): warning C4244: 'argument': conversion from '__int64' to 'int', possible loss of data
C:\Users\HP\OneDrive\Documents\Work\Internships\Codveda\Codveda_Simple_File_System\Task1.cpp(606,64): warning C4244: 'argument': conversion from '__int64' to 'int', possible loss of data
C:\Users\HP\OneDrive\Documents\Work\Internships\Codveda\Codveda_Simple_File_System\Task1.cpp(606,41): warning C4244: 'argument': conversion from '__int64' to 'int', possible loss of data
C:\Users\HP\OneDrive\Documents\Work\Internships\Codveda\Codveda_Simple_File_System\Task1.cpp(619,60): warning C4244: 'argument': conversion from '__int64' to 'int', possible loss of data
C:\Users\HP\OneDrive\Documents\Work\Internships\Codveda\Codveda_Simple_File_System\Task1.cpp(619,37): warning C4244: 'argument': conversion from '__int64' to 'int', possible loss of data
C:\Users\HP\OneDrive\Documents\Work\Internships\Codveda\Codveda_Simple_File_System\Task1.cpp(638,56): warning C4244: 'argument': conversion from '__int64' to 'int', possible loss of data
C:\Users\HP\OneDrive\Documents\Work\Internships\Codveda\Codveda_Simple_File_System\Task1.cpp(638,33): warning C4244: 'argument': conversion from '__int64' to 'int', possible loss of data
C:\Users\HP\OneDrive\Documents\Work\Internships\Codveda\Codveda_Simple_File_System\Task1.cpp(653,60): warning C4244: 'argument': conversion from '__int64' to 'int', possible loss of data
C:\Users\HP\OneDrive\Documents\Work\Internships\Codveda\Codveda_Simple_File_System\Task1.cpp(653,37): warning C4244: 'argument': conversion from '__int64' to 'int', possible loss of data
C:\Users\HP\OneDrive\Documents\Work\Internships\Codveda\Codveda_Simple_File_System\Task1.cpp(655,44): warning C4244: 'argument': conversion from '__int64' to 'int', possible loss of data
C:\Users\HP\OneDrive\Documents\Work\Internships\Codveda\Codveda_Simple_File_System\Task1.cpp(655,37): warning C4244: 'argument': conversion from '__int64' to 'int', possible loss of data
C:\Users\HP\OneDrive\Documents\Work\Internships\Codveda\Codveda_Simple_File_System\Task1.cpp(667,64): warning C4244: 'argument': conversion from '__int64' to 'int', possible loss of data
C:\Users\HP\OneDrive\Documents\Work\Internships\Codveda\Codveda_Simple_File_System\Task1.cpp(667,41): warning C4244: 'argument': conversion from '__int64' to 'int', possible loss of data
C:\Users\HP\OneDrive\Documents\Work\Internships\Codveda\Codveda_Simple_File_System\Task1.cpp(680,64): warning C4244: 'argument': conversion from '__int64' to 'int', possible loss of data
C:\Users\HP\OneDrive\Documents\Work\Internships\Codveda\Codveda_Simple_File_System\Task1.cpp(680,41): warning C4244: 'argument': conversion from '__int64' to 'int', possible loss of data
C:\Users\HP\OneDrive\Documents\Work\Internships\Codveda\Codveda_Simple_File_System\Task1.cpp(682,47): warning C4244: 'argument': conversion from '__int64' to 'int', possible loss of data
C:\Users\HP\OneDrive\Documents\Work\Internships\Codveda\Codveda_Simple_File_System\Task1.cpp(682,41): warning C4244: 'argument': conversion from '__int64' to 'int', possible loss of data
C:\Users\HP\OneDrive\Documents\Work\Internships\Codveda\Codveda_Simple_File_System\Task1.cpp(684,63): warning C4244: 'argument': conversion from '__int64' to 'int', possible loss of data
C:\Users\HP\OneDrive\Documents\Work\Internships\Codveda\Codveda_Simple_File_System\Task1.cpp(684,41): warning C4244: 'argument': conversion from '__int64' to 'int', possible loss of data
C:\Users\HP\OneDrive\Documents\Work\Internships\Codveda\Codveda_Simple_File_System\Task1.cpp(685,62): warning C4244: 'argument': conversion from '__int64' to 'int', possible loss of data
C:\Users\HP\OneDrive\Documents\Work\Internships\Codveda\Codveda_Simple_File_System\Task1.cpp(685,41): warning C4244: 'argument': conversion from '__int64' to 'int', possible loss of data
C:\Users\HP\OneDrive\Documents\Work\Internships\Codveda\Codveda_Simple_File_System\Task1.cpp(709,60): warning C4244: 'argument': conversion from '__int64' to 'int', possible loss of data
C:\Users\HP\OneDrive\Documents\Work\Internships\Codveda\Codveda_Simple_File_System\Task1.cpp(709,37): warning C4244: 'argument': conversion from '__int64' to 'int', possible loss of data
C:\Users\HP\OneDrive\Documents\Work\Internships\Codveda\Codveda_Simple_File_System\Task1.cpp(732,60): warning C4244: 'argument': conversion from '__int64' to 'int', possible loss of data
C:\Users\HP\OneDrive\Documents\Work\Internships\Codveda\Codveda_Simple_File_System\Task1.cpp(732,37): warning C4244: 'argument': conversion from '__int64' to 'int', possible loss of data
C:\Users\HP\OneDrive\Documents\Work\Internships\Codveda\Codveda_Simple_File_System\Task1.cpp(734,60): warning C4244: 'argument': conversion from '__int64' to 'int', possible loss of data
C:\Users\HP\OneDrive\Documents\Work\Internships\Codveda\Codveda_Simple_File_System\Task1.cpp(734,37): warning C4244: 'argument': conversion from '__int64' to 'int', possible loss of data
C:\Users\HP\OneDrive\Documents\Work\Internships\Codveda\Codveda_Simple_File_System\Task1.cpp(737,69): warning C4244: 'argument': conversion from '__int64' to 'int', possible loss of data
C:\Users\HP\OneDrive\Documents\Work\Internships\Codveda\Codveda_Simple_File_System\Task1.cpp(737,47): warning C4244: 'argument': conversion from '__int64' to 'int', possible loss of data
C:\Users\HP\OneDrive\Documents\Work\Internships\Codveda\Codveda_Simple_File_System\Task1.cpp(739,69): warning C4244: 'argument': conversion from '__int64' to 'int', possible loss of data
C:\Users\HP\OneDrive\Documents\Work\Internships\Codveda\Codveda_Simple_File_System\Task1.cpp(739,47): warning C4244: 'argument': conversion from '__int64' to 'int', possible loss of data
C:\Users\HP\OneDrive\Documents\Work\Internships\Codveda\Codveda_Simple_File_System\Task1.cpp(741,69): warning C4244: 'argument': conversion from '__int64' to 'int', possible loss of data
C:\Users\HP\OneDrive\Documents\Work\Internships\Codveda\Codveda_Simple_File_System\Task1.cpp(741,47): warning C4244: 'argument': conversion from '__int64' to 'int', possible loss of data
C:\Users\HP\OneDrive\Documents\Work\Internships\Codveda\Codveda_Simple_File_System\Task1.cpp(744,59): warning C4244: 'argument': conversion from '__int64' to 'int', possible loss of data
C:\Users\HP\OneDrive\Documents\Work\Internships\Codveda\Codveda_Simple_File_System\Task1.cpp(744,37): warning C4244: 'argument': conversion from '__int64' to 'int', possible loss of data
C:\Users\HP\OneDrive\Documents\Work\Internships\Codveda\Codveda_Simple_File_System\Task1.cpp(750,60): warning C4244: 'argument': conversion from '__int64' to 'int', possible loss of data
C:\Users\HP\OneDrive\Documents\Work\Internships\Codveda\Codveda_Simple_File_System\Task1.cpp(750,37): warning C4244: 'argument': conversion from '__int64' to 'int', possible loss of data
C:\Users\HP\OneDrive\Documents\Work\Internships\Codveda\Codveda_Simple_File_System\Task1.cpp(757,76): warning C4244: 'argument': conversion from '__int64' to 'int', possible loss of data
C:\Users\HP\OneDrive\Documents\Work\Internships\Codveda\Codveda_Simple_File_System\Task1.cpp(757,53): warning C4244: 'argument': conversion from '__int64' to 'int', possible loss of data
C:\Users\HP\OneDrive\Documents\Work\Internships\Codveda\Codveda_Simple_File_System\Task1.cpp(777,67): warning C4244: 'argument': conversion from '__int64' to 'int', possible loss of data
C:\Users\HP\OneDrive\Documents\Work\Internships\Codveda\Codveda_Simple_File_System\Task1.cpp(777,44): warning C4244: 'argument': conversion from '__int64' to 'int', possible loss of data
C:\Users\HP\OneDrive\Documents\Work\Internships\Codveda\Codveda_Simple_File_System\Task1.cpp(778,66): warning C4244: 'argument': conversion from '__int64' to 'int', possible loss of data
C:\Users\HP\OneDrive\Documents\Work\Internships\Codveda\Codveda_Simple_File_System\Task1.cpp(778,44): warning C4244: 'argument': conversion from '__int64' to 'int', possible loss of data
C:\Users\HP\OneDrive\Documents\Work\Internships\Codveda\Codveda_Simple_File_System\Task1.cpp(779,70): warning C4244: 'argument': conversion from '__int64' to 'int', possible loss of data
C:\Users\HP\OneDrive\Documents\Work\Internships\Codveda\Codveda_Simple_File_System\Task1.cpp(779,47): warning C4244: 'argument': conversion from '__int64' to 'int', possible loss of data
C:\Users\HP\OneDrive\Documents\Work\Internships\Codveda\Codveda_Simple_File_System\Task1.cpp(782,60): warning C4244: 'argument': conversion from '__int64' to 'int', possible loss of data
C:\Users\HP\OneDrive\Documents\Work\Internships\Codveda\Codveda_Simple_File_System\Task1.cpp(782,37): warning C4244: 'argument': conversion from '__int64' to 'int', possible loss of data
C:\Users\HP\OneDrive\Documents\Work\Internships\Codveda\Codveda_Simple_File_System\Task1.cpp(846,60): warning C4244: 'argument': conversion from '__int64' to 'int', possible loss of data
C:\Users\HP\OneDrive\Documents\Work\Internships\Codveda\Codveda_Simple_File_System\Task1.cpp(846,37): warning C4244: 'argument': conversion from '__int64' to 'int', possible loss of data
C:\Users\HP\OneDrive\Documents\Work\Internships\Codveda\Codveda_Simple_File_System\Task1.cpp(848,60): warning C4244: 'argument': conversion from '__int64' to 'int', possible loss of data
C:\Users\HP\OneDrive\Documents\Work\Internships\Codveda\Codveda_Simple_File_System\Task1.cpp(848,37): warning C4244: 'argument': conversion from '__int64' to 'int', possible loss of data
C:\Users\HP\OneDrive\Documents\Work\Internships\Codveda\Codveda_Simple_File_System\Task1.cpp(898,67): warning C4244: 'argument': conversion from '__int64' to 'int', possible loss of data
C:\Users\HP\OneDrive\Documents\Work\Internships\Codveda\Codveda_Simple_File_System\Task1.cpp(898,44): warning C4244: 'argument': conversion from '__int64' to 'int', possible loss of data
C:\Users\HP\OneDrive\Documents\Work\Internships\Codveda\Codveda_Simple_File_System\Task1.cpp(899,66): warning C4244: 'argument': conversion from '__int64' to 'int', possible loss of data
C:\Users\HP\OneDrive\Documents\Work\Internships\Codveda\Codveda_Simple_File_System\Task1.cpp(899,44): warning C4244: 'argument': conversion from '__int64' to 'int', possible loss of data
C:\Users\HP\OneDrive\Documents\Work\Internships\Codveda\Codveda_Simple_File_System\Task1.cpp(900,69): warning C4244: 'argument': conversion from '__int64' to 'int', possible loss of data
C:\Users\HP\OneDrive\Documents\Work\Internships\Codveda\Codveda_Simple_File_System\Task1.cpp(900,47): warning C4244: 'argument': conversion from '__int64' to 'int', possible loss of data
C:\Users\HP\OneDrive\Documents\Work\Internships\Codveda\Codveda_Simple_File_System\Task1.cpp(903,67): warning C4244: 'argument': conversion from '__int64' to 'int', possible loss of data
C:\Users\HP\OneDrive\Documents\Work\Internships\Codveda\Codveda_Simple_File_System\Task1.cpp(903,44): warning C4244: 'argument': conversion from '__int64' to 'int', possible loss of data
C:\Users\HP\OneDrive\Documents\Work\Internships\Codveda\Codveda_Simple_File_System\Task1.cpp(904,66): warning C4244: 'argument': conversion from '__int64' to 'int', possible loss of data
C:\Users\HP\OneDrive\Documents\Work\Internships\Codveda\Codveda_Simple_File_System\Task1.cpp(904,44): warning C4244: 'argument': conversion from '__int64' to 'int', possible loss of data
C:\Users\HP\OneDrive\Documents\Work\Internships\Codveda\Codveda_Simple_File_System\Task1.cpp(905,69): warning C4244: 'argument': conversion from '__int64' to 'int', possible loss of data
C:\Users\HP\OneDrive\Documents\Work\Internships\Codveda\Codveda_Simple_File_System\Task1.cpp(905,47): warning C4244: 'argument': conversion from '__int64' to 'int', possible loss of data
C:\Users\HP\OneDrive\Documents\Work\Internships\Codveda\Codveda_Simple_File_System\Task1.cpp(910,60): warning C4244: 'argument': conversion from '__int64' to 'int', possible loss of data
C:\Users\HP\OneDrive\Documents\Work\Internships\Codveda\Codveda_Simple_File_System\Task1.cpp(910,37): warning C4244: 'argument': conversion from '__int64' to 'int', possible loss of data
C:\Users\HP\OneDrive\Documents\Work\Internships\Codveda\Codveda_Simple_File_System\Task1.cpp(911,60): warning C4244: 'argument': conversion from '__int64' to 'int', possible loss of data
C:\Users\HP\OneDrive\Documents\Work\Internships\Codveda\Codveda_Simple_File_System\Task1.cpp(911,37): warning C4244: 'argument': conversion from '__int64' to 'int', possible loss of data
C:\Users\HP\OneDrive\Documents\Work\Internships\Codveda\Codveda_Simple_File_System\Task1.cpp(935,57): warning C4244: 'argument': conversion from '__int64' to 'int', possible loss of data
C:\Users\HP\OneDrive\Documents\Work\Internships\Codveda\Codveda_Simple_File_System\Task1.cpp(935,36): warning C4244: 'argument': conversion from '__int64' to 'int', possible loss of data
C:\Users\HP\OneDrive\Documents\Work\Internships\Codveda\Codveda_Simple_File_System\Task1.cpp(980,39): warning C4244: 'argument': conversion from 'double' to 'int', possible loss of data
C:\Users\HP\OneDrive\Documents\Work\Internships\Codveda\Codveda_Simple_File_System\Task1.cpp(873,26): warning C4996: 'fopen': This function or variable may be unsafe. Consider using fopen_s instead. To disable deprecation, use _CRT_SECURE_NO_WARNINGS. See online help for details.
  Codveda_Simple_File_System.vcxproj -> C:\Users\HP\OneDrive\Documents\Work\Internships\Codveda\Codveda_Simple_File_System\Debug\Codveda_Simple_File_System.exe
